[debug] [2025-10-31T18:26:12.869Z] ----------------------------------------------------------------------
[debug] [2025-10-31T18:26:12.887Z] Command:       C:\Program Files\nodejs\node.exe C:\Users\HP\AppData\Roaming\npm\node_modules\firebase-tools\lib\bin\firebase.js emulators:start --only firestore
[debug] [2025-10-31T18:26:12.887Z] CLI Version:   14.23.0
[debug] [2025-10-31T18:26:12.887Z] Platform:      win32
[debug] [2025-10-31T18:26:12.888Z] Node Version:  v22.19.0
[debug] [2025-10-31T18:26:12.888Z] Time:          Fri Oct 31 2025 19:26:12 GMT+0100 (West Africa Standard Time)
[debug] [2025-10-31T18:26:12.888Z] ----------------------------------------------------------------------
[debug] 
[debug] [2025-10-31T18:26:13.488Z] > command requires scopes: ["email","openid","https://www.googleapis.com/auth/cloudplatformprojects.readonly","https://www.googleapis.com/auth/firebase","https://www.googleapis.com/auth/cloud-platform"]
[debug] [2025-10-31T18:26:13.488Z] > authorizing via signed-in user (azgenes.info@gmail.com)
[debug] [2025-10-31T18:26:13.676Z] openjdk version "25.0.1" 2025-10-21 LTS

[debug] [2025-10-31T18:26:13.677Z] OpenJDK Runtime Environment Temurin-25.0.1+8 (build 25.0.1+8-LTS)
OpenJDK 64-Bit Server VM Temurin-25.0.1+8 (build 25.0.1+8-LTS, mixed mode, sharing)

[debug] [2025-10-31T18:26:13.693Z] Parsed Java major version: 25
[info] i  emulators: Starting emulators: firestore {"metadata":{"emulator":{"name":"hub"},"message":"Starting emulators: firestore"}}
[debug] [2025-10-31T18:26:13.718Z] [logging] Logging Emulator only supports listening on one address (127.0.0.1). Not listening on ::1
[debug] [2025-10-31T18:26:13.719Z] [firestore] Firestore Emulator only supports listening on one address (127.0.0.1). Not listening on ::1
[debug] [2025-10-31T18:26:13.719Z] [firestore.websocket] websocket server for firestore only supports listening on one address (127.0.0.1). Not listening on ::1
[debug] [2025-10-31T18:26:13.719Z] assigned listening specs for emulators {"user":{"hub":[{"address":"127.0.0.1","family":"IPv4","port":4400},{"address":"::1","family":"IPv6","port":4400}],"ui":[{"address":"127.0.0.1","family":"IPv4","port":4000},{"address":"::1","family":"IPv6","port":4000}],"logging":[{"address":"127.0.0.1","family":"IPv4","port":4500}],"firestore":[{"address":"127.0.0.1","family":"IPv4","port":8080}],"firestore.websocket":[{"address":"127.0.0.1","family":"IPv4","port":9150}]},"metadata":{"message":"assigned listening specs for emulators"}}
[debug] [2025-10-31T18:26:13.733Z] Emulator locator file path: C:\Users\HP\AppData\Local\Temp\hub-az-genes-1ca88.json
[debug] [2025-10-31T18:26:13.734Z] [hub] writing locator at C:\Users\HP\AppData\Local\Temp\hub-az-genes-1ca88.json
[info] i  firestore: downloading cloud-firestore-emulator-v1.19.8.jar... {"metadata":{"emulator":{"name":"firestore"},"message":"downloading cloud-firestore-emulator-v1.19.8.jar..."}}
[debug] [2025-10-31T18:26:13.758Z] >>> [apiv2][query] GET https://storage.googleapis.com/firebase-preview-drop/emulator/cloud-firestore-emulator-v1.19.8.jar 
[debug] [2025-10-31T18:26:14.428Z] <<< [apiv2][status] GET https://storage.googleapis.com/firebase-preview-drop/emulator/cloud-firestore-emulator-v1.19.8.jar 200
[debug] [2025-10-31T18:26:14.429Z] <<< [apiv2][body] GET https://storage.googleapis.com/firebase-preview-drop/emulator/cloud-firestore-emulator-v1.19.8.jar [stream]
[debug] [2025-10-31T18:26:32.347Z] Ignoring unsupported arg: auto_download {"metadata":{"emulator":{"name":"firestore"},"message":"Ignoring unsupported arg: auto_download"}}
[debug] [2025-10-31T18:26:32.347Z] Ignoring unsupported arg: single_project_mode_error {"metadata":{"emulator":{"name":"firestore"},"message":"Ignoring unsupported arg: single_project_mode_error"}}
[debug] [2025-10-31T18:26:32.347Z] Starting Firestore Emulator with command {"binary":"java","args":["-Dgoogle.cloud_firestore.debug_log_level=FINE","-Duser.language=en","-jar","C:\\Users\\HP\\.cache\\firebase\\emulators\\cloud-firestore-emulator-v1.19.8.jar","--host","127.0.0.1","--port",8080,"--websocket_port",9150,"--project_id","az-genes-1ca88","--rules","C:\\Users\\HP\\Downloads\\AZ-app-main\\firestore.rules","--single_project_mode",true],"optionalArgs":["port","webchannel_port","host","rules","websocket_port","functions_emulator","seed_from_export","project_id","single_project_mode"],"joinArgs":false,"shell":false,"port":8080} {"metadata":{"emulator":{"name":"firestore"},"message":"Starting Firestore Emulator with command {\"binary\":\"java\",\"args\":[\"-Dgoogle.cloud_firestore.debug_log_level=FINE\",\"-Duser.language=en\",\"-jar\",\"C:\\\\Users\\\\HP\\\\.cache\\\\firebase\\\\emulators\\\\cloud-firestore-emulator-v1.19.8.jar\",\"--host\",\"127.0.0.1\",\"--port\",8080,\"--websocket_port\",9150,\"--project_id\",\"az-genes-1ca88\",\"--rules\",\"C:\\\\Users\\\\HP\\\\Downloads\\\\AZ-app-main\\\\firestore.rules\",\"--single_project_mode\",true],\"optionalArgs\":[\"port\",\"webchannel_port\",\"host\",\"rules\",\"websocket_port\",\"functions_emulator\",\"seed_from_export\",\"project_id\",\"single_project_mode\"],\"joinArgs\":false,\"shell\":false,\"port\":8080}"}}
[info] i  firestore: Firestore Emulator logging to firestore-debug.log {"metadata":{"emulator":{"name":"firestore"},"message":"Firestore Emulator logging to \u001b[1mfirestore-debug.log\u001b[22m"}}
[debug] [2025-10-31T18:26:34.048Z] WARNING: A terminally deprecated method in sun.misc.Unsafe has been called
WARNING: sun.misc.Unsafe::objectFieldOffset has been called by io.netty.util.internal.PlatformDependent0$4 (file:/C:/Users/HP/.cache/firebase/emulators/cloud-firestore-emulator-v1.19.8.jar)
WARNING: Please consider reporting this to the maintainers of class io.netty.util.internal.PlatformDependent0$4
WARNING: sun.misc.Unsafe::objectFieldOffset will be removed in a future release
 {"metadata":{"emulator":{"name":"firestore"},"message":"WARNING: A terminally deprecated method in sun.misc.Unsafe has been called\nWARNING: sun.misc.Unsafe::objectFieldOffset has been called by io.netty.util.internal.PlatformDependent0$4 (file:/C:/Users/HP/.cache/firebase/emulators/cloud-firestore-emulator-v1.19.8.jar)\nWARNING: Please consider reporting this to the maintainers of class io.netty.util.internal.PlatformDependent0$4\nWARNING: sun.misc.Unsafe::objectFieldOffset will be removed in a future release\r\n"}}
[debug] [2025-10-31T18:26:36.167Z] Oct 31, 2025 7:26:36 PM com.google.cloud.datastore.emulator.firestore.websocket.WebSocketServer start
INFO: Started WebSocket server on ws://127.0.0.1:9150
 {"metadata":{"emulator":{"name":"firestore"},"message":"Oct 31, 2025 7:26:36 PM com.google.cloud.datastore.emulator.firestore.websocket.WebSocketServer start\r\nINFO: Started WebSocket server on ws://127.0.0.1:9150\r\n"}}
[debug] [2025-10-31T18:26:36.306Z] API endpoint: http:// {"metadata":{"emulator":{"name":"firestore"},"message":"API endpoint: http://"}}
[debug] [2025-10-31T18:26:36.307Z] 127.0.0.1:8080
If you are using a library that supports the FIRESTORE_EMULATOR_HOST environment variable, run:

   export FIRESTORE_EMULATOR_HOST=127.0.0.1:8080

If you are running a Firestore in Datastore Mode project, run:

   export DATASTORE_EMULATOR_HOST=127.0.0.1:8080

Note: Support for Datastore Mode is in preview. If you encounter any bugs please file at https://github.com/firebase/firebase-tools/issues.
Dev App Server is now running.

 {"metadata":{"emulator":{"name":"firestore"},"message":"127.0.0.1:8080\nIf you are using a library that supports the FIRESTORE_EMULATOR_HOST environment variable, run:\r\n\n   export FIRESTORE_EMULATOR_HOST=127.0.0.1:8080\n\nIf you are running a Firestore in Datastore Mode project, run:\r\n\n   export DATASTORE_EMULATOR_HOST=127.0.0.1:8080\n\nNote: Support for Datastore Mode is in preview. If you encounter any bugs please file at https://github.com/firebase/firebase-tools/issues.\r\nDev App Server is now running.\n\r\n"}}
[info] +  firestore: Firestore Emulator UI websocket is running on 9150. {"metadata":{"emulator":{"name":"firestore"},"message":"Firestore Emulator UI websocket is running on 9150."}}
[info] i  ui: downloading ui-v1.15.0.zip... {"metadata":{"emulator":{"name":"ui"},"message":"downloading ui-v1.15.0.zip..."}}
[debug] [2025-10-31T18:26:36.467Z] >>> [apiv2][query] GET https://storage.googleapis.com/firebase-preview-drop/emulator/ui-v1.15.0.zip 
[debug] [2025-10-31T18:26:36.734Z] <<< [apiv2][status] GET https://storage.googleapis.com/firebase-preview-drop/emulator/ui-v1.15.0.zip 200
[debug] [2025-10-31T18:26:36.734Z] <<< [apiv2][body] GET https://storage.googleapis.com/firebase-preview-drop/emulator/ui-v1.15.0.zip [stream]
[debug] [2025-10-31T18:26:37.766Z] Data is 3538469
[debug] [2025-10-31T18:26:37.789Z] [unzip] Entry: client/ (compressed_size=0 bytes, uncompressed_size=0 bytes)
[debug] [2025-10-31T18:26:37.790Z] [unzip] Processing entry: client\
[debug] [2025-10-31T18:26:37.790Z] [unzip] mkdir: C:\Users\HP\.cache\firebase\emulators\ui-v1.15.0\client\
[debug] [2025-10-31T18:26:37.805Z] [unzip] Entry: client/favicon-16x16.png (compressed_size=293 bytes, uncompressed_size=293 bytes)
[debug] [2025-10-31T18:26:37.805Z] [unzip] Processing entry: client\favicon-16x16.png
[debug] [2025-10-31T18:26:37.805Z] [unzip] else mkdir: C:\Users\HP\.cache\firebase\emulators\ui-v1.15.0\client
[debug] [2025-10-31T18:26:37.806Z] [unzip] Writing file: C:\Users\HP\.cache\firebase\emulators\ui-v1.15.0\client\favicon-16x16.png
[debug] [2025-10-31T18:26:37.808Z] [unzip] Entry: client/safari-pinned-tab.svg (compressed_size=1433 bytes, uncompressed_size=2611 bytes)
[debug] [2025-10-31T18:26:37.809Z] [unzip] Processing entry: client\safari-pinned-tab.svg
[debug] [2025-10-31T18:26:37.809Z] [unzip] else mkdir: C:\Users\HP\.cache\firebase\emulators\ui-v1.15.0\client
[debug] [2025-10-31T18:26:37.809Z] [unzip] deflating: C:\Users\HP\.cache\firebase\emulators\ui-v1.15.0\client\safari-pinned-tab.svg
[debug] [2025-10-31T18:26:37.822Z] [unzip] Entry: client/favicon.ico (compressed_size=2933 bytes, uncompressed_size=13294 bytes)
[debug] [2025-10-31T18:26:37.822Z] [unzip] Processing entry: client\favicon.ico
[debug] [2025-10-31T18:26:37.822Z] [unzip] else mkdir: C:\Users\HP\.cache\firebase\emulators\ui-v1.15.0\client
[debug] [2025-10-31T18:26:37.823Z] [unzip] deflating: C:\Users\HP\.cache\firebase\emulators\ui-v1.15.0\client\favicon.ico
[debug] [2025-10-31T18:26:37.825Z] [unzip] Entry: client/index.html (compressed_size=1364 bytes, uncompressed_size=3071 bytes)
[debug] [2025-10-31T18:26:37.826Z] [unzip] Processing entry: client\index.html
[debug] [2025-10-31T18:26:37.826Z] [unzip] else mkdir: C:\Users\HP\.cache\firebase\emulators\ui-v1.15.0\client
[debug] [2025-10-31T18:26:37.826Z] [unzip] deflating: C:\Users\HP\.cache\firebase\emulators\ui-v1.15.0\client\index.html
[debug] [2025-10-31T18:26:37.829Z] [unzip] Entry: client/android-chrome-192x192.png (compressed_size=2684 bytes, uncompressed_size=2684 bytes)
[debug] [2025-10-31T18:26:37.829Z] [unzip] Processing entry: client\android-chrome-192x192.png
[debug] [2025-10-31T18:26:37.829Z] [unzip] else mkdir: C:\Users\HP\.cache\firebase\emulators\ui-v1.15.0\client
[debug] [2025-10-31T18:26:37.830Z] [unzip] Writing file: C:\Users\HP\.cache\firebase\emulators\ui-v1.15.0\client\android-chrome-192x192.png
[debug] [2025-10-31T18:26:37.831Z] [unzip] Entry: client/apple-touch-icon.png (compressed_size=2123 bytes, uncompressed_size=2152 bytes)
[debug] [2025-10-31T18:26:37.831Z] [unzip] Processing entry: client\apple-touch-icon.png
[debug] [2025-10-31T18:26:37.831Z] [unzip] else mkdir: C:\Users\HP\.cache\firebase\emulators\ui-v1.15.0\client
[debug] [2025-10-31T18:26:37.832Z] [unzip] deflating: C:\Users\HP\.cache\firebase\emulators\ui-v1.15.0\client\apple-touch-icon.png
[debug] [2025-10-31T18:26:37.834Z] [unzip] Entry: client/android-chrome-512x512.png (compressed_size=5369 bytes, uncompressed_size=5411 bytes)
[debug] [2025-10-31T18:26:37.834Z] [unzip] Processing entry: client\android-chrome-512x512.png
[debug] [2025-10-31T18:26:37.834Z] [unzip] else mkdir: C:\Users\HP\.cache\firebase\emulators\ui-v1.15.0\client
[debug] [2025-10-31T18:26:37.834Z] [unzip] deflating: C:\Users\HP\.cache\firebase\emulators\ui-v1.15.0\client\android-chrome-512x512.png
[debug] [2025-10-31T18:26:37.836Z] [unzip] Entry: client/manifest.json (compressed_size=245 bytes, uncompressed_size=551 bytes)
[debug] [2025-10-31T18:26:37.836Z] [unzip] Processing entry: client\manifest.json
[debug] [2025-10-31T18:26:37.837Z] [unzip] else mkdir: C:\Users\HP\.cache\firebase\emulators\ui-v1.15.0\client
[debug] [2025-10-31T18:26:37.837Z] [unzip] deflating: C:\Users\HP\.cache\firebase\emulators\ui-v1.15.0\client\manifest.json
[debug] [2025-10-31T18:26:37.839Z] [unzip] Entry: client/robots.txt (compressed_size=26 bytes, uncompressed_size=26 bytes)
[debug] [2025-10-31T18:26:37.839Z] [unzip] Processing entry: client\robots.txt
[debug] [2025-10-31T18:26:37.839Z] [unzip] else mkdir: C:\Users\HP\.cache\firebase\emulators\ui-v1.15.0\client
[debug] [2025-10-31T18:26:37.840Z] [unzip] Writing file: C:\Users\HP\.cache\firebase\emulators\ui-v1.15.0\client\robots.txt
[debug] [2025-10-31T18:26:37.841Z] [unzip] Entry: client/mstile-150x150.png (compressed_size=2034 bytes, uncompressed_size=2034 bytes)
[debug] [2025-10-31T18:26:37.841Z] [unzip] Processing entry: client\mstile-150x150.png
[debug] [2025-10-31T18:26:37.841Z] [unzip] else mkdir: C:\Users\HP\.cache\firebase\emulators\ui-v1.15.0\client
[debug] [2025-10-31T18:26:37.842Z] [unzip] Writing file: C:\Users\HP\.cache\firebase\emulators\ui-v1.15.0\client\mstile-150x150.png
[debug] [2025-10-31T18:26:37.843Z] [unzip] Entry: client/assets/ (compressed_size=0 bytes, uncompressed_size=0 bytes)
[debug] [2025-10-31T18:26:37.843Z] [unzip] Processing entry: client\assets\
[debug] [2025-10-31T18:26:37.843Z] [unzip] mkdir: C:\Users\HP\.cache\firebase\emulators\ui-v1.15.0\client\assets\
[debug] [2025-10-31T18:26:37.844Z] [unzip] Entry: client/assets/index-BX-A56oj.js (compressed_size=582089 bytes, uncompressed_size=2092775 bytes)
[debug] [2025-10-31T18:26:37.844Z] [unzip] Processing entry: client\assets\index-BX-A56oj.js
[debug] [2025-10-31T18:26:37.844Z] [unzip] else mkdir: C:\Users\HP\.cache\firebase\emulators\ui-v1.15.0\client\assets
[debug] [2025-10-31T18:26:37.845Z] [unzip] deflating: C:\Users\HP\.cache\firebase\emulators\ui-v1.15.0\client\assets\index-BX-A56oj.js
[debug] [2025-10-31T18:26:37.874Z] [unzip] Entry: client/assets/index-CjB9C900.css (compressed_size=35979 bytes, uncompressed_size=298654 bytes)
[debug] [2025-10-31T18:26:37.874Z] [unzip] Processing entry: client\assets\index-CjB9C900.css
[debug] [2025-10-31T18:26:37.874Z] [unzip] else mkdir: C:\Users\HP\.cache\firebase\emulators\ui-v1.15.0\client\assets
[debug] [2025-10-31T18:26:37.875Z] [unzip] deflating: C:\Users\HP\.cache\firebase\emulators\ui-v1.15.0\client\assets\index-CjB9C900.css
[debug] [2025-10-31T18:26:37.880Z] [unzip] Entry: client/assets/index-BX-A56oj.js.map (compressed_size=2362482 bytes, uncompressed_size=10036679 bytes)
[debug] [2025-10-31T18:26:37.880Z] [unzip] Processing entry: client\assets\index-BX-A56oj.js.map
[debug] [2025-10-31T18:26:37.880Z] [unzip] else mkdir: C:\Users\HP\.cache\firebase\emulators\ui-v1.15.0\client\assets
[debug] [2025-10-31T18:26:37.880Z] [unzip] deflating: C:\Users\HP\.cache\firebase\emulators\ui-v1.15.0\client\assets\index-BX-A56oj.js.map
[debug] [2025-10-31T18:26:37.987Z] [unzip] Entry: client/assets/extensions/ (compressed_size=0 bytes, uncompressed_size=0 bytes)
[debug] [2025-10-31T18:26:37.987Z] [unzip] Processing entry: client\assets\extensions\
[debug] [2025-10-31T18:26:37.987Z] [unzip] mkdir: C:\Users\HP\.cache\firebase\emulators\ui-v1.15.0\client\assets\extensions\
[debug] [2025-10-31T18:26:37.987Z] [unzip] Entry: client/assets/extensions/default-extension.png (compressed_size=1646 bytes, uncompressed_size=1657 bytes)
[debug] [2025-10-31T18:26:37.988Z] [unzip] Processing entry: client\assets\extensions\default-extension.png
[debug] [2025-10-31T18:26:37.988Z] [unzip] else mkdir: C:\Users\HP\.cache\firebase\emulators\ui-v1.15.0\client\assets\extensions
[debug] [2025-10-31T18:26:37.988Z] [unzip] deflating: C:\Users\HP\.cache\firebase\emulators\ui-v1.15.0\client\assets\extensions\default-extension.png
[debug] [2025-10-31T18:26:37.991Z] [unzip] Entry: client/assets/img/ (compressed_size=0 bytes, uncompressed_size=0 bytes)
[debug] [2025-10-31T18:26:37.991Z] [unzip] Processing entry: client\assets\img\
[debug] [2025-10-31T18:26:37.991Z] [unzip] mkdir: C:\Users\HP\.cache\firebase\emulators\ui-v1.15.0\client\assets\img\
[debug] [2025-10-31T18:26:37.992Z] [unzip] Entry: client/assets/img/database.png (compressed_size=29449 bytes, uncompressed_size=29988 bytes)
[debug] [2025-10-31T18:26:37.992Z] [unzip] Processing entry: client\assets\img\database.png
[debug] [2025-10-31T18:26:37.992Z] [unzip] else mkdir: C:\Users\HP\.cache\firebase\emulators\ui-v1.15.0\client\assets\img
[debug] [2025-10-31T18:26:37.993Z] [unzip] deflating: C:\Users\HP\.cache\firebase\emulators\ui-v1.15.0\client\assets\img\database.png
[debug] [2025-10-31T18:26:37.995Z] [unzip] Entry: client/assets/provider-icons/ (compressed_size=0 bytes, uncompressed_size=0 bytes)
[debug] [2025-10-31T18:26:37.995Z] [unzip] Processing entry: client\assets\provider-icons\
[debug] [2025-10-31T18:26:37.995Z] [unzip] mkdir: C:\Users\HP\.cache\firebase\emulators\ui-v1.15.0\client\assets\provider-icons\
[debug] [2025-10-31T18:26:37.995Z] [unzip] Entry: client/assets/provider-icons/auth_service_saml.svg (compressed_size=575 bytes, uncompressed_size=1226 bytes)
[debug] [2025-10-31T18:26:37.995Z] [unzip] Processing entry: client\assets\provider-icons\auth_service_saml.svg
[debug] [2025-10-31T18:26:37.995Z] [unzip] else mkdir: C:\Users\HP\.cache\firebase\emulators\ui-v1.15.0\client\assets\provider-icons
[debug] [2025-10-31T18:26:37.996Z] [unzip] deflating: C:\Users\HP\.cache\firebase\emulators\ui-v1.15.0\client\assets\provider-icons\auth_service_saml.svg
[debug] [2025-10-31T18:26:37.998Z] [unzip] Entry: client/assets/provider-icons/auth_service_phone.svg (compressed_size=261 bytes, uncompressed_size=414 bytes)
[debug] [2025-10-31T18:26:37.998Z] [unzip] Processing entry: client\assets\provider-icons\auth_service_phone.svg
[debug] [2025-10-31T18:26:37.998Z] [unzip] else mkdir: C:\Users\HP\.cache\firebase\emulators\ui-v1.15.0\client\assets\provider-icons
[debug] [2025-10-31T18:26:37.998Z] [unzip] deflating: C:\Users\HP\.cache\firebase\emulators\ui-v1.15.0\client\assets\provider-icons\auth_service_phone.svg
[debug] [2025-10-31T18:26:38.002Z] [unzip] Entry: client/assets/provider-icons/auth_service_facebook.svg (compressed_size=289 bytes, uncompressed_size=457 bytes)
[debug] [2025-10-31T18:26:38.002Z] [unzip] Processing entry: client\assets\provider-icons\auth_service_facebook.svg
[debug] [2025-10-31T18:26:38.002Z] [unzip] else mkdir: C:\Users\HP\.cache\firebase\emulators\ui-v1.15.0\client\assets\provider-icons
[debug] [2025-10-31T18:26:38.002Z] [unzip] deflating: C:\Users\HP\.cache\firebase\emulators\ui-v1.15.0\client\assets\provider-icons\auth_service_facebook.svg
[debug] [2025-10-31T18:26:38.006Z] [unzip] Entry: client/assets/provider-icons/auth_service_game_center.svg (compressed_size=991 bytes, uncompressed_size=3921 bytes)
[debug] [2025-10-31T18:26:38.007Z] [unzip] Processing entry: client\assets\provider-icons\auth_service_game_center.svg
[debug] [2025-10-31T18:26:38.007Z] [unzip] else mkdir: C:\Users\HP\.cache\firebase\emulators\ui-v1.15.0\client\assets\provider-icons
[debug] [2025-10-31T18:26:38.007Z] [unzip] deflating: C:\Users\HP\.cache\firebase\emulators\ui-v1.15.0\client\assets\provider-icons\auth_service_game_center.svg
[debug] [2025-10-31T18:26:38.008Z] [unzip] Entry: client/assets/provider-icons/auth_service_apple.svg (compressed_size=230 bytes, uncompressed_size=334 bytes)
[debug] [2025-10-31T18:26:38.009Z] [unzip] Processing entry: client\assets\provider-icons\auth_service_apple.svg
[debug] [2025-10-31T18:26:38.009Z] [unzip] else mkdir: C:\Users\HP\.cache\firebase\emulators\ui-v1.15.0\client\assets\provider-icons
[debug] [2025-10-31T18:26:38.009Z] [unzip] deflating: C:\Users\HP\.cache\firebase\emulators\ui-v1.15.0\client\assets\provider-icons\auth_service_apple.svg
[debug] [2025-10-31T18:26:38.011Z] [unzip] Entry: client/assets/provider-icons/auth_service_github.svg (compressed_size=466 bytes, uncompressed_size=838 bytes)
[debug] [2025-10-31T18:26:38.011Z] [unzip] Processing entry: client\assets\provider-icons\auth_service_github.svg
[debug] [2025-10-31T18:26:38.011Z] [unzip] else mkdir: C:\Users\HP\.cache\firebase\emulators\ui-v1.15.0\client\assets\provider-icons
[debug] [2025-10-31T18:26:38.011Z] [unzip] deflating: C:\Users\HP\.cache\firebase\emulators\ui-v1.15.0\client\assets\provider-icons\auth_service_github.svg
[debug] [2025-10-31T18:26:38.014Z] [unzip] Entry: client/assets/provider-icons/auth_service_mslive.svg (compressed_size=203 bytes, uncompressed_size=378 bytes)
[debug] [2025-10-31T18:26:38.014Z] [unzip] Processing entry: client\assets\provider-icons\auth_service_mslive.svg
[debug] [2025-10-31T18:26:38.014Z] [unzip] else mkdir: C:\Users\HP\.cache\firebase\emulators\ui-v1.15.0\client\assets\provider-icons
[debug] [2025-10-31T18:26:38.015Z] [unzip] deflating: C:\Users\HP\.cache\firebase\emulators\ui-v1.15.0\client\assets\provider-icons\auth_service_mslive.svg
[debug] [2025-10-31T18:26:38.016Z] [unzip] Entry: client/assets/provider-icons/auth_service_yahoo.svg (compressed_size=577 bytes, uncompressed_size=1182 bytes)
[debug] [2025-10-31T18:26:38.016Z] [unzip] Processing entry: client\assets\provider-icons\auth_service_yahoo.svg
[debug] [2025-10-31T18:26:38.017Z] [unzip] else mkdir: C:\Users\HP\.cache\firebase\emulators\ui-v1.15.0\client\assets\provider-icons
[debug] [2025-10-31T18:26:38.017Z] [unzip] deflating: C:\Users\HP\.cache\firebase\emulators\ui-v1.15.0\client\assets\provider-icons\auth_service_yahoo.svg
[debug] [2025-10-31T18:26:38.018Z] [unzip] Entry: client/assets/provider-icons/auth_service_twitter.svg (compressed_size=444 bytes, uncompressed_size=751 bytes)
[debug] [2025-10-31T18:26:38.019Z] [unzip] Processing entry: client\assets\provider-icons\auth_service_twitter.svg
[debug] [2025-10-31T18:26:38.019Z] [unzip] else mkdir: C:\Users\HP\.cache\firebase\emulators\ui-v1.15.0\client\assets\provider-icons
[debug] [2025-10-31T18:26:38.019Z] [unzip] deflating: C:\Users\HP\.cache\firebase\emulators\ui-v1.15.0\client\assets\provider-icons\auth_service_twitter.svg
[debug] [2025-10-31T18:26:38.021Z] [unzip] Entry: client/assets/provider-icons/auth_service_play_games.svg (compressed_size=565 bytes, uncompressed_size=1173 bytes)
[debug] [2025-10-31T18:26:38.021Z] [unzip] Processing entry: client\assets\provider-icons\auth_service_play_games.svg
[debug] [2025-10-31T18:26:38.021Z] [unzip] else mkdir: C:\Users\HP\.cache\firebase\emulators\ui-v1.15.0\client\assets\provider-icons
[debug] [2025-10-31T18:26:38.021Z] [unzip] deflating: C:\Users\HP\.cache\firebase\emulators\ui-v1.15.0\client\assets\provider-icons\auth_service_play_games.svg
[debug] [2025-10-31T18:26:38.023Z] [unzip] Entry: client/assets/provider-icons/auth_service_email.svg (compressed_size=228 bytes, uncompressed_size=326 bytes)
[debug] [2025-10-31T18:26:38.023Z] [unzip] Processing entry: client\assets\provider-icons\auth_service_email.svg
[debug] [2025-10-31T18:26:38.023Z] [unzip] else mkdir: C:\Users\HP\.cache\firebase\emulators\ui-v1.15.0\client\assets\provider-icons
[debug] [2025-10-31T18:26:38.024Z] [unzip] deflating: C:\Users\HP\.cache\firebase\emulators\ui-v1.15.0\client\assets\provider-icons\auth_service_email.svg
[debug] [2025-10-31T18:26:38.025Z] [unzip] Entry: client/assets/provider-icons/auth_service_google.svg (compressed_size=409 bytes, uncompressed_size=720 bytes)
[debug] [2025-10-31T18:26:38.025Z] [unzip] Processing entry: client\assets\provider-icons\auth_service_google.svg
[debug] [2025-10-31T18:26:38.025Z] [unzip] else mkdir: C:\Users\HP\.cache\firebase\emulators\ui-v1.15.0\client\assets\provider-icons
[debug] [2025-10-31T18:26:38.026Z] [unzip] deflating: C:\Users\HP\.cache\firebase\emulators\ui-v1.15.0\client\assets\provider-icons\auth_service_google.svg
[debug] [2025-10-31T18:26:38.028Z] [unzip] Entry: client/assets/provider-icons/auth_service_oidc.svg (compressed_size=414 bytes, uncompressed_size=858 bytes)
[debug] [2025-10-31T18:26:38.028Z] [unzip] Processing entry: client\assets\provider-icons\auth_service_oidc.svg
[debug] [2025-10-31T18:26:38.028Z] [unzip] else mkdir: C:\Users\HP\.cache\firebase\emulators\ui-v1.15.0\client\assets\provider-icons
[debug] [2025-10-31T18:26:38.028Z] [unzip] deflating: C:\Users\HP\.cache\firebase\emulators\ui-v1.15.0\client\assets\provider-icons\auth_service_oidc.svg
[debug] [2025-10-31T18:26:38.030Z] [unzip] Entry: client/browserconfig.xml (compressed_size=491 bytes, uncompressed_size=822 bytes)
[debug] [2025-10-31T18:26:38.030Z] [unzip] Processing entry: client\browserconfig.xml
[debug] [2025-10-31T18:26:38.030Z] [unzip] else mkdir: C:\Users\HP\.cache\firebase\emulators\ui-v1.15.0\client
[debug] [2025-10-31T18:26:38.031Z] [unzip] deflating: C:\Users\HP\.cache\firebase\emulators\ui-v1.15.0\client\browserconfig.xml
[debug] [2025-10-31T18:26:38.032Z] [unzip] Entry: client/favicon-32x32.png (compressed_size=475 bytes, uncompressed_size=475 bytes)
[debug] [2025-10-31T18:26:38.033Z] [unzip] Processing entry: client\favicon-32x32.png
[debug] [2025-10-31T18:26:38.033Z] [unzip] else mkdir: C:\Users\HP\.cache\firebase\emulators\ui-v1.15.0\client
[debug] [2025-10-31T18:26:38.033Z] [unzip] Writing file: C:\Users\HP\.cache\firebase\emulators\ui-v1.15.0\client\favicon-32x32.png
[debug] [2025-10-31T18:26:38.034Z] [unzip] Entry: server/ (compressed_size=0 bytes, uncompressed_size=0 bytes)
[debug] [2025-10-31T18:26:38.034Z] [unzip] Processing entry: server\
[debug] [2025-10-31T18:26:38.034Z] [unzip] mkdir: C:\Users\HP\.cache\firebase\emulators\ui-v1.15.0\server\
[debug] [2025-10-31T18:26:38.035Z] [unzip] Entry: server/server.mjs.map (compressed_size=217845 bytes, uncompressed_size=944978 bytes)
[debug] [2025-10-31T18:26:38.035Z] [unzip] Processing entry: server\server.mjs.map
[debug] [2025-10-31T18:26:38.035Z] [unzip] else mkdir: C:\Users\HP\.cache\firebase\emulators\ui-v1.15.0\server
[debug] [2025-10-31T18:26:38.035Z] [unzip] deflating: C:\Users\HP\.cache\firebase\emulators\ui-v1.15.0\server\server.mjs.map
[debug] [2025-10-31T18:26:38.044Z] [unzip] Entry: server/server.mjs (compressed_size=276407 bytes, uncompressed_size=933701 bytes)
[debug] [2025-10-31T18:26:38.044Z] [unzip] Processing entry: server\server.mjs
[debug] [2025-10-31T18:26:38.044Z] [unzip] else mkdir: C:\Users\HP\.cache\firebase\emulators\ui-v1.15.0\server
[debug] [2025-10-31T18:26:38.044Z] [unzip] deflating: C:\Users\HP\.cache\firebase\emulators\ui-v1.15.0\server\server.mjs
[debug] [2025-10-31T18:26:38.067Z] Could not find VSCode notification endpoint: FetchError: request to http://localhost:40001/vscode/notify failed, reason: . If you are not running the Firebase Data Connect VSCode extension, this is expected and not an issue.
[info] 
┌─────────────────────────────────────────────────────────────┐
│ ✔  All emulators ready! It is now safe to connect your app. │
│ i  View Emulator UI at http://127.0.0.1:4000/               │
└─────────────────────────────────────────────────────────────┘

┌───────────┬────────────────┬─────────────────────────────────┐
│ Emulator  │ Host:Port      │ View in Emulator UI             │
├───────────┼────────────────┼─────────────────────────────────┤
│ Firestore │ 127.0.0.1:8080 │ http://127.0.0.1:4000/firestore │
└───────────┴────────────────┴─────────────────────────────────┘
  Emulator Hub host: 127.0.0.1 port: 4400
  Other reserved ports: 4500, 9150

Issues? Report them at https://github.com/firebase/firebase-tools/issues and attach the *-debug.log files.
 
